<?xml version="1.0" encoding="UTF-8"?>
<testsuite xmlns:xsi="http://www.w3.org/2001/XMLSchema-instance" xsi:noNamespaceSchemaLocation="https://maven.apache.org/surefire/maven-surefire-plugin/xsd/surefire-test-report-3.0.xsd" version="3.0" name="DataOfSquareTest" time="0.441" tests="1" errors="0" skipped="0" failures="0">
  <properties>
[...]
</properties>
  <testcase name="testLightMeUp" classname="DataOfSquareTest" time="0.358">
    <system-out><![CDATA[Starting the Test file for DataOfSquare file.
Initial setup for running the test.
Completed a Test.
]]></system-out>
  </testcase>
</testsuite>